# JRE version: OpenJDK Runtime Environment (11.0.15) (build 11.0.15+0-b2043.56-9505619)
# Java VM: OpenJDK 64-Bit Server VM (11.0.15+0-b2043.56-9505619, mixed mode, tiered, compressed oops, g1 gc, windows-amd64)
Heap:
 garbage-first heap   total 276480K, used 140503K [0x00000000a0000000, 0x0000000100000000)
  region size 1024K, 44 young (45056K), 9 survivors (9216K)
 Metaspace       used 99944K, capacity 102788K, committed 102992K, reserved 1138688K
  class space    used 12808K, capacity 13865K, committed 13984K, reserved 1048576K
GC Heap History (20 events):
Event: 25.607 GC heap before
{Heap before GC invocations=15 (full 0):
 garbage-first heap   total 262144K, used 179268K [0x00000000a0000000, 0x0000000100000000)
  region size 1024K, 121 young (123904K), 15 survivors (15360K)
 Metaspace       used 75515K, capacity 77462K, committed 77520K, reserved 1116160K
  class space    used 9736K, capacity 10499K, committed 10528K, reserved 1048576K
}
Event: 25.627 GC heap after
{Heap after GC invocations=16 (full 0):
 garbage-first heap   total 262144K, used 79508K [0x00000000a0000000, 0x0000000100000000)
  region size 1024K, 9 young (9216K), 9 survivors (9216K)
 Metaspace       used 75515K, capacity 77462K, committed 77520K, reserved 1116160K
  class space    used 9736K, capacity 10499K, committed 10528K, reserved 1048576K
}
Event: 28.007 GC heap before
{Heap before GC invocations=16 (full 0):
 garbage-first heap   total 262144K, used 187028K [0x00000000a0000000, 0x0000000100000000)
  region size 1024K, 114 young (116736K), 9 survivors (9216K)
 Metaspace       used 85027K, capacity 87361K, committed 87376K, reserved 1124352K
  class space    used 11082K, capacity 11931K, committed 11936K, reserved 1048576K
}
Event: 28.022 GC heap after
{Heap after GC invocations=17 (full 0):
 garbage-first heap   total 262144K, used 88250K [0x00000000a0000000, 0x0000000100000000)
  region size 1024K, 9 young (9216K), 9 survivors (9216K)
 Metaspace       used 85027K, capacity 87361K, committed 87376K, reserved 1124352K
  class space    used 11082K, capacity 11931K, committed 11936K, reserved 1048576K
}
Event: 53.359 GC heap before
{Heap before GC invocations=17 (full 0):
 garbage-first heap   total 262144K, used 192698K [0x00000000a0000000, 0x0000000100000000)
  region size 1024K, 112 young (114688K), 9 survivors (9216K)
 Metaspace       used 90358K, capacity 93084K, committed 93136K, reserved 1130496K
  class space    used 11804K, capacity 12825K, committed 12832K, reserved 1048576K
}
Event: 53.373 GC heap after
{Heap after GC invocations=18 (full 0):
 garbage-first heap   total 262144K, used 93553K [0x00000000a0000000, 0x0000000100000000)
  region size 1024K, 6 young (6144K), 6 survivors (6144K)
 Metaspace       used 90358K, capacity 93084K, committed 93136K, reserved 1130496K
  class space    used 11804K, capacity 12825K, committed 12832K, reserved 1048576K
}
Event: 54.426 GC heap before
{Heap before GC invocations=18 (full 0):
 garbage-first heap   total 262144K, used 174449K [0x00000000a0000000, 0x0000000100000000)
  region size 1024K, 80 young (81920K), 6 survivors (6144K)
 Metaspace       used 95606K, capacity 98439K, committed 98768K, reserved 1134592K
  class space    used 12453K, capacity 13519K, committed 13600K, reserved 1048576K
}
Event: 54.437 GC heap after
{Heap after GC invocations=19 (full 0):
 garbage-first heap   total 262144K, used 104194K [0x00000000a0000000, 0x0000000100000000)
  region size 1024K, 10 young (10240K), 10 survivors (10240K)
 Metaspace       used 95606K, capacity 98439K, committed 98768K, reserved 1134592K
  class space    used 12453K, capacity 13519K, committed 13600K, reserved 1048576K
}
Event: 57.789 GC heap before
{Heap before GC invocations=20 (full 0):
 garbage-first heap   total 262144K, used 259842K [0x00000000a0000000, 0x0000000100000000)
  region size 1024K, 80 young (81920K), 10 survivors (10240K)
 Metaspace       used 98218K, capacity 101149K, committed 101456K, reserved 1136640K
  class space    used 12761K, capacity 13860K, committed 13984K, reserved 1048576K
}
Event: 57.803 GC heap after
{Heap after GC invocations=21 (full 0):
 garbage-first heap   total 276480K, used 101856K [0x00000000a0000000, 0x0000000100000000)
  region size 1024K, 9 young (9216K), 9 survivors (9216K)
 Metaspace       used 98218K, capacity 101149K, committed 101456K, reserved 1136640K
  class space    used 12761K, capacity 13860K, committed 13984K, reserved 1048576K
}
Event: 57.963 GC heap before
{Heap before GC invocations=21 (full 0):
 garbage-first heap   total 276480K, used 135648K [0x00000000a0000000, 0x0000000100000000)
  region size 1024K, 14 young (14336K), 9 survivors (9216K)
 Metaspace       used 98324K, capacity 101281K, committed 101456K, reserved 1136640K
  class space    used 12774K, capacity 13861K, committed 13984K, reserved 1048576K
}
Event: 57.971 GC heap after
{Heap after GC invocations=22 (full 0):
 garbage-first heap   total 276480K, used 129220K [0x00000000a0000000, 0x0000000100000000)
  region size 1024K, 6 young (6144K), 6 survivors (6144K)
 Metaspace       used 98324K, capacity 101281K, committed 101456K, reserved 1136640K
  class space    used 12774K, capacity 13861K, committed 13984K, reserved 1048576K
}
Event: 58.154 GC heap before
{Heap before GC invocations=23 (full 0):
 garbage-first heap   total 276480K, used 157892K [0x00000000a0000000, 0x0000000100000000)
  region size 1024K, 7 young (7168K), 6 survivors (6144K)
 Metaspace       used 98078K, capacity 100875K, committed 101456K, reserved 1136640K
  class space    used 12696K, capacity 13722K, committed 13984K, reserved 1048576K
}
Event: 58.160 GC heap after
{Heap after GC invocations=24 (full 0):
 garbage-first heap   total 276480K, used 126926K [0x00000000a0000000, 0x0000000100000000)
  region size 1024K, 6 young (6144K), 6 survivors (6144K)
 Metaspace       used 98078K, capacity 100875K, committed 101456K, reserved 1136640K
  class space    used 12696K, capacity 13722K, committed 13984K, reserved 1048576K
}
Event: 2431.816 GC heap before
{Heap before GC invocations=25 (full 0):
 garbage-first heap   total 276480K, used 256974K [0x00000000a0000000, 0x0000000100000000)
  region size 1024K, 81 young (82944K), 6 survivors (6144K)
 Metaspace       used 99069K, capacity 101793K, committed 102224K, reserved 1138688K
  class space    used 12787K, capacity 13828K, committed 13984K, reserved 1048576K
}
Event: 2431.822 GC heap after
{Heap after GC invocations=26 (full 0):
 garbage-first heap   total 276480K, used 102824K [0x00000000a0000000, 0x0000000100000000)
  region size 1024K, 6 young (6144K), 6 survivors (6144K)
 Metaspace       used 99069K, capacity 101793K, committed 102224K, reserved 1138688K
  class space    used 12787K, capacity 13828K, committed 13984K, reserved 1048576K
}
Event: 7094.642 GC heap before
{Heap before GC invocations=26 (full 0):
 garbage-first heap   total 276480K, used 202152K [0x00000000a0000000, 0x0000000100000000)
  region size 1024K, 103 young (105472K), 6 survivors (6144K)
 Metaspace       used 99100K, capacity 101794K, committed 102224K, reserved 1138688K
  class space    used 12787K, capacity 13828K, committed 13984K, reserved 1048576K
}
Event: 7094.669 GC heap after
{Heap after GC invocations=27 (full 0):
 garbage-first heap   total 276480K, used 102566K [0x00000000a0000000, 0x0000000100000000)
  region size 1024K, 6 young (6144K), 6 survivors (6144K)
 Metaspace       used 99100K, capacity 101794K, committed 102224K, reserved 1138688K
  class space    used 12787K, capacity 13828K, committed 13984K, reserved 1048576K
}
Event: 10169.517 GC heap before
{Heap before GC invocations=27 (full 0):
 garbage-first heap   total 276480K, used 207014K [0x00000000a0000000, 0x0000000100000000)
  region size 1024K, 109 young (111616K), 6 survivors (6144K)
 Metaspace       used 99547K, capacity 102379K, committed 102736K, reserved 1138688K
  class space    used 12798K, capacity 13848K, committed 13984K, reserved 1048576K
}
Event: 10169.545 GC heap after
{Heap after GC invocations=28 (full 0):
 garbage-first heap   total 276480K, used 105687K [0x00000000a0000000, 0x0000000100000000)
  region size 1024K, 9 young (9216K), 9 survivors (9216K)
 Metaspace       used 99547K, capacity 102379K, committed 102736K, reserved 1138688K
  class space    used 12798K, capacity 13848K, committed 13984K, reserved 1048576K
}

